{
  "stats": {
    "suites": 1,
    "tests": 1,
    "passes": 1,
    "pending": 0,
    "failures": 0,
    "start": "2025-06-27T11:07:43.319Z",
    "end": "2025-06-27T11:08:13.003Z",
    "duration": 29684,
    "testsRegistered": 1,
    "passPercent": 100,
    "pendingPercent": 0,
    "other": 0,
    "hasOther": false,
    "skipped": 0,
    "hasSkipped": false
  },
  "results": [
    {
      "uuid": "cad9dfc8-ecfb-40a4-82c7-7db2af84f977",
      "title": "",
      "fullFile": "cypress/e2e/checkout.cy.js",
      "file": "cypress/e2e/checkout.cy.js",
      "beforeHooks": [],
      "afterHooks": [],
      "tests": [],
      "suites": [
        {
          "uuid": "05f9d6fa-cc9c-4751-9cac-b0aa1a069159",
          "title": "Checkout Process",
          "fullFile": "",
          "file": "",
          "beforeHooks": [],
          "afterHooks": [],
          "tests": [
            {
              "title": "should complete the checkout process successfully",
              "fullTitle": "Checkout Process should complete the checkout process successfully",
              "timedOut": null,
              "duration": 29458,
              "state": "passed",
              "speed": "slow",
              "pass": true,
              "fail": false,
              "pending": false,
              "context": null,
              "code": "const email = Cypress.env('userEmail');\nconst password = Cypress.env('userPassword');\ncy.login(email, password);\ncy.addProductToCart();\ncy.contains('View Cart').click();\ncy.checkoutProduct();\ncy.contains('[data-qa=\"order-placed\"]', 'Order Placed!').should('be.visible');",
              "err": {},
              "uuid": "fa2aceab-c6ee-4439-80b8-71b0e6fa3a39",
              "parentUUID": "05f9d6fa-cc9c-4751-9cac-b0aa1a069159",
              "isHook": false,
              "skipped": false
            }
          ],
          "suites": [],
          "passes": [
            "fa2aceab-c6ee-4439-80b8-71b0e6fa3a39"
          ],
          "failures": [],
          "pending": [],
          "skipped": [],
          "duration": 29458,
          "root": false,
          "rootEmpty": false,
          "_timeout": 2000
        }
      ],
      "passes": [],
      "failures": [],
      "pending": [],
      "skipped": [],
      "duration": 0,
      "root": true,
      "rootEmpty": true,
      "_timeout": 2000
    }
  ],
  "meta": {
    "mocha": {
      "version": "7.2.0"
    },
    "mochawesome": {
      "options": {
        "quiet": false,
        "reportFilename": "firefox-[name]-report",
        "saveHtml": false,
        "saveJson": true,
        "consoleReporter": "spec",
        "useInlineDiffs": false,
        "code": true
      },
      "version": "7.1.3"
    },
    "marge": {
      "options": {
        "reportDir": "cypress/reports/mochawesome/.jsons",
        "reportFilename": "firefox-[name]-report",
        "overwrite": false,
        "html": false,
        "json": true,
        "reportFileName": "[name]-report"
      },
      "version": "6.2.0"
    }
  }
}