{
  "stats": {
    "suites": 1,
    "tests": 2,
    "passes": 2,
    "pending": 0,
    "failures": 0,
    "start": "2025-06-26T10:52:38.580Z",
    "end": "2025-06-26T10:52:59.215Z",
    "duration": 20635,
    "testsRegistered": 2,
    "passPercent": 100,
    "pendingPercent": 0,
    "other": 0,
    "hasOther": false,
    "skipped": 0,
    "hasSkipped": false
  },
  "results": [
    {
      "uuid": "db69a0e1-8ce4-4aa7-8c54-117726189c08",
      "title": "",
      "fullFile": "cypress/e2e/login.cy.js",
      "file": "cypress/e2e/login.cy.js",
      "beforeHooks": [],
      "afterHooks": [],
      "tests": [],
      "suites": [
        {
          "uuid": "a48e4251-a007-4a2b-b142-c03fd0457fa9",
          "title": "User Login - Valid and Invalid Credentials",
          "fullFile": "",
          "file": "",
          "beforeHooks": [],
          "afterHooks": [],
          "tests": [
            {
              "title": "should login successfully with valid credentials",
              "fullTitle": "User Login - Valid and Invalid Credentials should login successfully with valid credentials",
              "timedOut": null,
              "duration": 17629,
              "state": "passed",
              "speed": "slow",
              "pass": true,
              "fail": false,
              "pending": false,
              "context": null,
              "code": "const email = Cypress.env('userEmail');\nconst password = Cypress.env('userPassword');\ncy.login(email, password);\ncy.contains('a', 'Logged in as').should('contain.text', Cypress.env('userName'));\ncy.contains('a', 'Logout').should('be.visible');",
              "err": {},
              "uuid": "2f8a6065-30a9-4f9f-99a1-e56d67c2397e",
              "parentUUID": "a48e4251-a007-4a2b-b142-c03fd0457fa9",
              "isHook": false,
              "skipped": false
            },
            {
              "title": "should display error with invalid credentials",
              "fullTitle": "User Login - Valid and Invalid Credentials should display error with invalid credentials",
              "timedOut": null,
              "duration": 2804,
              "state": "passed",
              "speed": "fast",
              "pass": true,
              "fail": false,
              "pending": false,
              "context": null,
              "code": "cy.login('wrong@email.com', 'incorrectPassword');\ncy.get('.login-form p').should('contain.text', 'Your email or password is incorrect!');",
              "err": {},
              "uuid": "09cc5346-e080-46a1-83f3-e8e20cea92ce",
              "parentUUID": "a48e4251-a007-4a2b-b142-c03fd0457fa9",
              "isHook": false,
              "skipped": false
            }
          ],
          "suites": [],
          "passes": [
            "2f8a6065-30a9-4f9f-99a1-e56d67c2397e",
            "09cc5346-e080-46a1-83f3-e8e20cea92ce"
          ],
          "failures": [],
          "pending": [],
          "skipped": [],
          "duration": 20433,
          "root": false,
          "rootEmpty": false,
          "_timeout": 2000
        }
      ],
      "passes": [],
      "failures": [],
      "pending": [],
      "skipped": [],
      "duration": 0,
      "root": true,
      "rootEmpty": true,
      "_timeout": 2000
    }
  ],
  "meta": {
    "mocha": {
      "version": "7.2.0"
    },
    "mochawesome": {
      "options": {
        "quiet": false,
        "reportFilename": "firefox-[name]-report",
        "saveHtml": false,
        "saveJson": true,
        "consoleReporter": "spec",
        "useInlineDiffs": false,
        "code": true
      },
      "version": "7.1.3"
    },
    "marge": {
      "options": {
        "reportDir": "cypress/reports/mochawesome/.jsons",
        "reportFilename": "firefox-[name]-report",
        "overwrite": false,
        "html": false,
        "json": true,
        "reportFileName": "[name]-report"
      },
      "version": "6.2.0"
    }
  }
}