{
  "stats": {
    "suites": 1,
    "tests": 1,
    "passes": 1,
    "pending": 0,
    "failures": 0,
    "start": "2025-06-27T11:08:43.271Z",
    "end": "2025-06-27T11:08:50.476Z",
    "duration": 7205,
    "testsRegistered": 1,
    "passPercent": 100,
    "pendingPercent": 0,
    "other": 0,
    "hasOther": false,
    "skipped": 0,
    "hasSkipped": false
  },
  "results": [
    {
      "uuid": "f7f1ad1f-9b02-426d-95b6-d9a82259593b",
      "title": "",
      "fullFile": "cypress/e2e/search.cy.js",
      "file": "cypress/e2e/search.cy.js",
      "beforeHooks": [],
      "afterHooks": [],
      "tests": [],
      "suites": [
        {
          "uuid": "a1df4305-6362-4799-8ebf-a7b70665c1d7",
          "title": "Product Search",
          "fullFile": "",
          "file": "",
          "beforeHooks": [],
          "afterHooks": [],
          "tests": [
            {
              "title": "should display search results and view product details",
              "fullTitle": "Product Search should display search results and view product details",
              "timedOut": null,
              "duration": 6948,
              "state": "passed",
              "speed": "medium",
              "pass": true,
              "fail": false,
              "pending": false,
              "context": null,
              "code": "const productNames = ['Sleeveless Dress', 'Blue Top', 'Men Tshirt'];\nconst productName = productNames[Math.floor(Math.random() * productNames.length)];\ncy.searchProduct(productName);\ncy.contains(productName).should('be.visible');\ncy.contains('a', 'View Product').click();\ncy.contains('Add to cart').should('be.visible');",
              "err": {},
              "uuid": "72f818d6-d384-4c9a-a683-8c950da64c27",
              "parentUUID": "a1df4305-6362-4799-8ebf-a7b70665c1d7",
              "isHook": false,
              "skipped": false
            }
          ],
          "suites": [],
          "passes": [
            "72f818d6-d384-4c9a-a683-8c950da64c27"
          ],
          "failures": [],
          "pending": [],
          "skipped": [],
          "duration": 6948,
          "root": false,
          "rootEmpty": false,
          "_timeout": 2000
        }
      ],
      "passes": [],
      "failures": [],
      "pending": [],
      "skipped": [],
      "duration": 0,
      "root": true,
      "rootEmpty": true,
      "_timeout": 2000
    }
  ],
  "meta": {
    "mocha": {
      "version": "7.2.0"
    },
    "mochawesome": {
      "options": {
        "quiet": false,
        "reportFilename": "firefox-[name]-report",
        "saveHtml": false,
        "saveJson": true,
        "consoleReporter": "spec",
        "useInlineDiffs": false,
        "code": true
      },
      "version": "7.1.3"
    },
    "marge": {
      "options": {
        "reportDir": "cypress/reports/mochawesome/.jsons",
        "reportFilename": "firefox-[name]-report",
        "overwrite": false,
        "html": false,
        "json": true,
        "reportFileName": "[name]-report"
      },
      "version": "6.2.0"
    }
  }
}