{
  "stats": {
    "suites": 4,
    "tests": 5,
    "passes": 5,
    "pending": 0,
    "failures": 0,
    "testsRegistered": 5,
    "passPercent": 100,
    "pendingPercent": 0,
    "other": 0,
    "hasOther": false,
    "skipped": 0,
    "hasSkipped": false,
    "start": "2025-06-26T10:51:42.567Z",
    "end": "2025-06-26T10:53:12.941Z",
    "duration": 90374
  },
  "results": [
    {
      "uuid": "5023a2f5-2c49-4579-a865-f3a01f9f1605",
      "title": "",
      "fullFile": "cypress/e2e/addToCart.cy.js",
      "file": "cypress/e2e/addToCart.cy.js",
      "beforeHooks": [],
      "afterHooks": [],
      "tests": [],
      "suites": [
        {
          "uuid": "5f90c7f3-44e2-4edc-be19-3808f46ddb17",
          "title": "Add Product to Cart",
          "fullFile": "",
          "file": "",
          "beforeHooks": [],
          "afterHooks": [],
          "tests": [
            {
              "title": "should add a product to cart and verify cart updates",
              "fullTitle": "Add Product to Cart should add a product to cart and verify cart updates",
              "timedOut": null,
              "duration": 10687,
              "state": "passed",
              "speed": "slow",
              "pass": true,
              "fail": false,
              "pending": false,
              "context": null,
              "code": "cy.addProductToCart();\ncy.get('.modal-content').should('contain.text', 'Added!').and('contain.text', 'Your product has been added to cart.');\ncy.get('.modal-content').contains('View Cart').click();\ncy.get('[class=\"cart_description\"]').should('be.exist');",
              "err": {},
              "uuid": "1e3a80c8-7f39-4251-9ec3-a222020b9507",
              "parentUUID": "5f90c7f3-44e2-4edc-be19-3808f46ddb17",
              "isHook": false,
              "skipped": false
            }
          ],
          "suites": [],
          "passes": [
            "1e3a80c8-7f39-4251-9ec3-a222020b9507"
          ],
          "failures": [],
          "pending": [],
          "skipped": [],
          "duration": 10687,
          "root": false,
          "rootEmpty": false,
          "_timeout": 2000
        }
      ],
      "passes": [],
      "failures": [],
      "pending": [],
      "skipped": [],
      "duration": 0,
      "root": true,
      "rootEmpty": true,
      "_timeout": 2000
    },
    {
      "uuid": "3729d933-2cf0-4a7e-be1b-7ef97e645698",
      "title": "",
      "fullFile": "cypress/e2e/checkout.cy.js",
      "file": "cypress/e2e/checkout.cy.js",
      "beforeHooks": [],
      "afterHooks": [],
      "tests": [],
      "suites": [
        {
          "uuid": "04eeee4d-c97d-4580-ace5-88914c89036e",
          "title": "Checkout Process",
          "fullFile": "",
          "file": "",
          "beforeHooks": [],
          "afterHooks": [],
          "tests": [
            {
              "title": "should complete the checkout process successfully",
              "fullTitle": "Checkout Process should complete the checkout process successfully",
              "timedOut": null,
              "duration": 33706,
              "state": "passed",
              "speed": "slow",
              "pass": true,
              "fail": false,
              "pending": false,
              "context": null,
              "code": "const email = Cypress.env('userEmail');\nconst password = Cypress.env('userPassword');\ncy.login(email, password);\ncy.addProductToCart();\ncy.contains('View Cart').click();\ncy.checkoutProduct();\ncy.contains('[data-qa=\"order-placed\"]', 'Order Placed!').should('be.visible');",
              "err": {},
              "uuid": "b745d78d-a98b-4773-b23b-0f4cfc5cf82f",
              "parentUUID": "04eeee4d-c97d-4580-ace5-88914c89036e",
              "isHook": false,
              "skipped": false
            }
          ],
          "suites": [],
          "passes": [
            "b745d78d-a98b-4773-b23b-0f4cfc5cf82f"
          ],
          "failures": [],
          "pending": [],
          "skipped": [],
          "duration": 33706,
          "root": false,
          "rootEmpty": false,
          "_timeout": 2000
        }
      ],
      "passes": [],
      "failures": [],
      "pending": [],
      "skipped": [],
      "duration": 0,
      "root": true,
      "rootEmpty": true,
      "_timeout": 2000
    },
    {
      "uuid": "db69a0e1-8ce4-4aa7-8c54-117726189c08",
      "title": "",
      "fullFile": "cypress/e2e/login.cy.js",
      "file": "cypress/e2e/login.cy.js",
      "beforeHooks": [],
      "afterHooks": [],
      "tests": [],
      "suites": [
        {
          "uuid": "a48e4251-a007-4a2b-b142-c03fd0457fa9",
          "title": "User Login - Valid and Invalid Credentials",
          "fullFile": "",
          "file": "",
          "beforeHooks": [],
          "afterHooks": [],
          "tests": [
            {
              "title": "should login successfully with valid credentials",
              "fullTitle": "User Login - Valid and Invalid Credentials should login successfully with valid credentials",
              "timedOut": null,
              "duration": 17629,
              "state": "passed",
              "speed": "slow",
              "pass": true,
              "fail": false,
              "pending": false,
              "context": null,
              "code": "const email = Cypress.env('userEmail');\nconst password = Cypress.env('userPassword');\ncy.login(email, password);\ncy.contains('a', 'Logged in as').should('contain.text', Cypress.env('userName'));\ncy.contains('a', 'Logout').should('be.visible');",
              "err": {},
              "uuid": "2f8a6065-30a9-4f9f-99a1-e56d67c2397e",
              "parentUUID": "a48e4251-a007-4a2b-b142-c03fd0457fa9",
              "isHook": false,
              "skipped": false
            },
            {
              "title": "should display error with invalid credentials",
              "fullTitle": "User Login - Valid and Invalid Credentials should display error with invalid credentials",
              "timedOut": null,
              "duration": 2804,
              "state": "passed",
              "speed": "fast",
              "pass": true,
              "fail": false,
              "pending": false,
              "context": null,
              "code": "cy.login('wrong@email.com', 'incorrectPassword');\ncy.get('.login-form p').should('contain.text', 'Your email or password is incorrect!');",
              "err": {},
              "uuid": "09cc5346-e080-46a1-83f3-e8e20cea92ce",
              "parentUUID": "a48e4251-a007-4a2b-b142-c03fd0457fa9",
              "isHook": false,
              "skipped": false
            }
          ],
          "suites": [],
          "passes": [
            "2f8a6065-30a9-4f9f-99a1-e56d67c2397e",
            "09cc5346-e080-46a1-83f3-e8e20cea92ce"
          ],
          "failures": [],
          "pending": [],
          "skipped": [],
          "duration": 20433,
          "root": false,
          "rootEmpty": false,
          "_timeout": 2000
        }
      ],
      "passes": [],
      "failures": [],
      "pending": [],
      "skipped": [],
      "duration": 0,
      "root": true,
      "rootEmpty": true,
      "_timeout": 2000
    },
    {
      "uuid": "058cfdf0-09bb-419b-acb9-07318bab9e68",
      "title": "",
      "fullFile": "cypress/e2e/search.cy.js",
      "file": "cypress/e2e/search.cy.js",
      "beforeHooks": [],
      "afterHooks": [],
      "tests": [],
      "suites": [
        {
          "uuid": "a96c41d7-43bc-43f7-bd20-46cab30b905b",
          "title": "Product Search",
          "fullFile": "",
          "file": "",
          "beforeHooks": [],
          "afterHooks": [],
          "tests": [
            {
              "title": "should display search results and view product details",
              "fullTitle": "Product Search should display search results and view product details",
              "timedOut": null,
              "duration": 8714,
              "state": "passed",
              "speed": "medium",
              "pass": true,
              "fail": false,
              "pending": false,
              "context": null,
              "code": "const productNames = ['Sleeveless Dress', 'Blue Top', 'Men Tshirt'];\nconst productName = productNames[Math.floor(Math.random() * productNames.length)];\ncy.searchProduct(productName);\ncy.contains(productName).should('be.visible');\ncy.contains('a', 'View Product').click();\ncy.contains('Add to cart').should('be.visible');",
              "err": {},
              "uuid": "3e40f9c2-329a-4f2e-969c-02a91e20010c",
              "parentUUID": "a96c41d7-43bc-43f7-bd20-46cab30b905b",
              "isHook": false,
              "skipped": false
            }
          ],
          "suites": [],
          "passes": [
            "3e40f9c2-329a-4f2e-969c-02a91e20010c"
          ],
          "failures": [],
          "pending": [],
          "skipped": [],
          "duration": 8714,
          "root": false,
          "rootEmpty": false,
          "_timeout": 2000
        }
      ],
      "passes": [],
      "failures": [],
      "pending": [],
      "skipped": [],
      "duration": 0,
      "root": true,
      "rootEmpty": true,
      "_timeout": 2000
    }
  ],
  "meta": {
    "mocha": {
      "version": "7.2.0"
    },
    "mochawesome": {
      "options": {
        "quiet": false,
        "reportFilename": "firefox-[name]-report",
        "saveHtml": false,
        "saveJson": true,
        "consoleReporter": "spec",
        "useInlineDiffs": false,
        "code": true
      },
      "version": "7.1.3"
    },
    "marge": {
      "options": {
        "reportDir": "cypress/reports/mochawesome/.jsons",
        "reportFilename": "firefox-[name]-report",
        "overwrite": false,
        "html": false,
        "json": true,
        "reportFileName": "[name]-report"
      },
      "version": "6.2.0"
    }
  }
}