{
  "stats": {
    "suites": 4,
    "tests": 5,
    "passes": 5,
    "pending": 0,
    "failures": 0,
    "testsRegistered": 5,
    "passPercent": 100,
    "pendingPercent": 0,
    "other": 0,
    "hasOther": false,
    "skipped": 0,
    "hasSkipped": false,
    "start": "2025-06-26T10:51:40.160Z",
    "end": "2025-06-26T10:53:10.572Z",
    "duration": 90412
  },
  "results": [
    {
      "uuid": "820932bb-8a26-4a12-80d0-23cb91bb330f",
      "title": "",
      "fullFile": "cypress/e2e/addToCart.cy.js",
      "file": "cypress/e2e/addToCart.cy.js",
      "beforeHooks": [],
      "afterHooks": [],
      "tests": [],
      "suites": [
        {
          "uuid": "960bccaf-064b-432e-aa3c-0058ed0a3df3",
          "title": "Add Product to Cart",
          "fullFile": "",
          "file": "",
          "beforeHooks": [],
          "afterHooks": [],
          "tests": [
            {
              "title": "should add a product to cart and verify cart updates",
              "fullTitle": "Add Product to Cart should add a product to cart and verify cart updates",
              "timedOut": null,
              "duration": 10606,
              "state": "passed",
              "speed": "slow",
              "pass": true,
              "fail": false,
              "pending": false,
              "context": null,
              "code": "cy.addProductToCart();\ncy.get('.modal-content').should('contain.text', 'Added!').and('contain.text', 'Your product has been added to cart.');\ncy.get('.modal-content').contains('View Cart').click();\ncy.get('[class=\"cart_description\"]').should('be.exist');",
              "err": {},
              "uuid": "ce37007b-6122-4be1-9259-2d1ae139ae91",
              "parentUUID": "960bccaf-064b-432e-aa3c-0058ed0a3df3",
              "isHook": false,
              "skipped": false
            }
          ],
          "suites": [],
          "passes": [
            "ce37007b-6122-4be1-9259-2d1ae139ae91"
          ],
          "failures": [],
          "pending": [],
          "skipped": [],
          "duration": 10606,
          "root": false,
          "rootEmpty": false,
          "_timeout": 2000
        }
      ],
      "passes": [],
      "failures": [],
      "pending": [],
      "skipped": [],
      "duration": 0,
      "root": true,
      "rootEmpty": true,
      "_timeout": 2000
    },
    {
      "uuid": "b9129c4f-15cf-4ba1-a30a-8a7255d5fbe0",
      "title": "",
      "fullFile": "cypress/e2e/checkout.cy.js",
      "file": "cypress/e2e/checkout.cy.js",
      "beforeHooks": [],
      "afterHooks": [],
      "tests": [],
      "suites": [
        {
          "uuid": "6e4de2a2-7a9a-4b36-820a-16620ed5b25d",
          "title": "Checkout Process",
          "fullFile": "",
          "file": "",
          "beforeHooks": [],
          "afterHooks": [],
          "tests": [
            {
              "title": "should complete the checkout process successfully",
              "fullTitle": "Checkout Process should complete the checkout process successfully",
              "timedOut": null,
              "duration": 30572,
              "state": "passed",
              "speed": "slow",
              "pass": true,
              "fail": false,
              "pending": false,
              "context": null,
              "code": "const email = Cypress.env('userEmail');\nconst password = Cypress.env('userPassword');\ncy.login(email, password);\ncy.addProductToCart();\ncy.contains('View Cart').click();\ncy.checkoutProduct();\ncy.contains('[data-qa=\"order-placed\"]', 'Order Placed!').should('be.visible');",
              "err": {},
              "uuid": "49b59498-6d4e-45e8-9d71-808dc72c87c6",
              "parentUUID": "6e4de2a2-7a9a-4b36-820a-16620ed5b25d",
              "isHook": false,
              "skipped": false
            }
          ],
          "suites": [],
          "passes": [
            "49b59498-6d4e-45e8-9d71-808dc72c87c6"
          ],
          "failures": [],
          "pending": [],
          "skipped": [],
          "duration": 30572,
          "root": false,
          "rootEmpty": false,
          "_timeout": 2000
        }
      ],
      "passes": [],
      "failures": [],
      "pending": [],
      "skipped": [],
      "duration": 0,
      "root": true,
      "rootEmpty": true,
      "_timeout": 2000
    },
    {
      "uuid": "179c9966-dd88-4d8c-80ca-1108e1edc9cf",
      "title": "",
      "fullFile": "cypress/e2e/login.cy.js",
      "file": "cypress/e2e/login.cy.js",
      "beforeHooks": [],
      "afterHooks": [],
      "tests": [],
      "suites": [
        {
          "uuid": "9167f42a-4eea-42f1-aeea-262c20d95d20",
          "title": "User Login - Valid and Invalid Credentials",
          "fullFile": "",
          "file": "",
          "beforeHooks": [],
          "afterHooks": [],
          "tests": [
            {
              "title": "should login successfully with valid credentials",
              "fullTitle": "User Login - Valid and Invalid Credentials should login successfully with valid credentials",
              "timedOut": null,
              "duration": 17870,
              "state": "passed",
              "speed": "slow",
              "pass": true,
              "fail": false,
              "pending": false,
              "context": null,
              "code": "const email = Cypress.env('userEmail');\nconst password = Cypress.env('userPassword');\ncy.login(email, password);\ncy.contains('a', 'Logged in as').should('contain.text', Cypress.env('userName'));\ncy.contains('a', 'Logout').should('be.visible');",
              "err": {},
              "uuid": "399a1657-f3c3-425a-ac56-5c44d19e1b08",
              "parentUUID": "9167f42a-4eea-42f1-aeea-262c20d95d20",
              "isHook": false,
              "skipped": false
            },
            {
              "title": "should display error with invalid credentials",
              "fullTitle": "User Login - Valid and Invalid Credentials should display error with invalid credentials",
              "timedOut": null,
              "duration": 2480,
              "state": "passed",
              "speed": "fast",
              "pass": true,
              "fail": false,
              "pending": false,
              "context": null,
              "code": "cy.login('wrong@email.com', 'incorrectPassword');\ncy.get('.login-form p').should('contain.text', 'Your email or password is incorrect!');",
              "err": {},
              "uuid": "da503131-ba36-4773-9210-8856771ea7c6",
              "parentUUID": "9167f42a-4eea-42f1-aeea-262c20d95d20",
              "isHook": false,
              "skipped": false
            }
          ],
          "suites": [],
          "passes": [
            "399a1657-f3c3-425a-ac56-5c44d19e1b08",
            "da503131-ba36-4773-9210-8856771ea7c6"
          ],
          "failures": [],
          "pending": [],
          "skipped": [],
          "duration": 20350,
          "root": false,
          "rootEmpty": false,
          "_timeout": 2000
        }
      ],
      "passes": [],
      "failures": [],
      "pending": [],
      "skipped": [],
      "duration": 0,
      "root": true,
      "rootEmpty": true,
      "_timeout": 2000
    },
    {
      "uuid": "29e359cf-5afa-426f-896c-13a09584a69a",
      "title": "",
      "fullFile": "cypress/e2e/search.cy.js",
      "file": "cypress/e2e/search.cy.js",
      "beforeHooks": [],
      "afterHooks": [],
      "tests": [],
      "suites": [
        {
          "uuid": "a0ff8124-c94c-4033-afab-ee6ec4749cc9",
          "title": "Product Search",
          "fullFile": "",
          "file": "",
          "beforeHooks": [],
          "afterHooks": [],
          "tests": [
            {
              "title": "should display search results and view product details",
              "fullTitle": "Product Search should display search results and view product details",
              "timedOut": null,
              "duration": 6024,
              "state": "passed",
              "speed": "medium",
              "pass": true,
              "fail": false,
              "pending": false,
              "context": null,
              "code": "const productNames = ['Sleeveless Dress', 'Blue Top', 'Men Tshirt'];\nconst productName = productNames[Math.floor(Math.random() * productNames.length)];\ncy.searchProduct(productName);\ncy.contains(productName).should('be.visible');\ncy.contains('a', 'View Product').click();\ncy.contains('Add to cart').should('be.visible');",
              "err": {},
              "uuid": "227b0fe7-50ac-4a7e-b977-66968f36bca8",
              "parentUUID": "a0ff8124-c94c-4033-afab-ee6ec4749cc9",
              "isHook": false,
              "skipped": false
            }
          ],
          "suites": [],
          "passes": [
            "227b0fe7-50ac-4a7e-b977-66968f36bca8"
          ],
          "failures": [],
          "pending": [],
          "skipped": [],
          "duration": 6024,
          "root": false,
          "rootEmpty": false,
          "_timeout": 2000
        }
      ],
      "passes": [],
      "failures": [],
      "pending": [],
      "skipped": [],
      "duration": 0,
      "root": true,
      "rootEmpty": true,
      "_timeout": 2000
    }
  ],
  "meta": {
    "mocha": {
      "version": "7.2.0"
    },
    "mochawesome": {
      "options": {
        "quiet": false,
        "reportFilename": "edge-[name]-report",
        "saveHtml": false,
        "saveJson": true,
        "consoleReporter": "spec",
        "useInlineDiffs": false,
        "code": true
      },
      "version": "7.1.3"
    },
    "marge": {
      "options": {
        "reportDir": "cypress/reports/mochawesome/.jsons",
        "reportFilename": "edge-[name]-report",
        "overwrite": false,
        "html": false,
        "json": true,
        "reportFileName": "[name]-report"
      },
      "version": "6.2.0"
    }
  }
}