{
  "stats": {
    "suites": 4,
    "tests": 5,
    "passes": 5,
    "pending": 0,
    "failures": 0,
    "testsRegistered": 5,
    "passPercent": 100,
    "pendingPercent": 0,
    "other": 0,
    "hasOther": false,
    "skipped": 0,
    "hasSkipped": false,
    "start": "2025-06-27T11:07:29.823Z",
    "end": "2025-06-27T11:08:51.565Z",
    "duration": 81742
  },
  "results": [
    {
      "uuid": "076abbc3-dbff-418e-a61f-43eeb956bb95",
      "title": "",
      "fullFile": "cypress/e2e/addToCart.cy.js",
      "file": "cypress/e2e/addToCart.cy.js",
      "beforeHooks": [],
      "afterHooks": [],
      "tests": [],
      "suites": [
        {
          "uuid": "ef8042fb-f9c8-4e2e-b270-1acdf05edab2",
          "title": "Add Product to Cart",
          "fullFile": "",
          "file": "",
          "beforeHooks": [],
          "afterHooks": [],
          "tests": [
            {
              "title": "should add a product to cart and verify cart updates",
              "fullTitle": "Add Product to Cart should add a product to cart and verify cart updates",
              "timedOut": null,
              "duration": 5721,
              "state": "passed",
              "speed": "medium",
              "pass": true,
              "fail": false,
              "pending": false,
              "context": null,
              "code": "cy.addProductToCart();\ncy.get('.modal-content').should('contain.text', 'Added!').and('contain.text', 'Your product has been added to cart.');\ncy.get('.modal-content').contains('View Cart').click();\ncy.get('[class=\"cart_description\"]').should('be.exist');",
              "err": {},
              "uuid": "21797c71-e69f-4c0d-91e1-5253da22ef81",
              "parentUUID": "ef8042fb-f9c8-4e2e-b270-1acdf05edab2",
              "isHook": false,
              "skipped": false
            }
          ],
          "suites": [],
          "passes": [
            "21797c71-e69f-4c0d-91e1-5253da22ef81"
          ],
          "failures": [],
          "pending": [],
          "skipped": [],
          "duration": 5721,
          "root": false,
          "rootEmpty": false,
          "_timeout": 2000
        }
      ],
      "passes": [],
      "failures": [],
      "pending": [],
      "skipped": [],
      "duration": 0,
      "root": true,
      "rootEmpty": true,
      "_timeout": 2000
    },
    {
      "uuid": "76722643-9081-4e5e-b791-5578b47c10a1",
      "title": "",
      "fullFile": "cypress/e2e/checkout.cy.js",
      "file": "cypress/e2e/checkout.cy.js",
      "beforeHooks": [],
      "afterHooks": [],
      "tests": [],
      "suites": [
        {
          "uuid": "5164113b-c002-4b78-a38a-e96436802e43",
          "title": "Checkout Process",
          "fullFile": "",
          "file": "",
          "beforeHooks": [],
          "afterHooks": [],
          "tests": [
            {
              "title": "should complete the checkout process successfully",
              "fullTitle": "Checkout Process should complete the checkout process successfully",
              "timedOut": null,
              "duration": 29951,
              "state": "passed",
              "speed": "slow",
              "pass": true,
              "fail": false,
              "pending": false,
              "context": null,
              "code": "const email = Cypress.env('userEmail');\nconst password = Cypress.env('userPassword');\ncy.login(email, password);\ncy.addProductToCart();\ncy.contains('View Cart').click();\ncy.checkoutProduct();\ncy.contains('[data-qa=\"order-placed\"]', 'Order Placed!').should('be.visible');",
              "err": {},
              "uuid": "9e654d88-04e5-438e-9ce0-42d5da51fe92",
              "parentUUID": "5164113b-c002-4b78-a38a-e96436802e43",
              "isHook": false,
              "skipped": false
            }
          ],
          "suites": [],
          "passes": [
            "9e654d88-04e5-438e-9ce0-42d5da51fe92"
          ],
          "failures": [],
          "pending": [],
          "skipped": [],
          "duration": 29951,
          "root": false,
          "rootEmpty": false,
          "_timeout": 2000
        }
      ],
      "passes": [],
      "failures": [],
      "pending": [],
      "skipped": [],
      "duration": 0,
      "root": true,
      "rootEmpty": true,
      "_timeout": 2000
    },
    {
      "uuid": "3ffa744e-3bf4-4f04-8076-046c6df5daca",
      "title": "",
      "fullFile": "cypress/e2e/login.cy.js",
      "file": "cypress/e2e/login.cy.js",
      "beforeHooks": [],
      "afterHooks": [],
      "tests": [],
      "suites": [
        {
          "uuid": "8f53df32-f6bc-4e3a-aec7-d7a0b504de4a",
          "title": "User Login - Valid and Invalid Credentials",
          "fullFile": "",
          "file": "",
          "beforeHooks": [],
          "afterHooks": [],
          "tests": [
            {
              "title": "should login successfully with valid credentials",
              "fullTitle": "User Login - Valid and Invalid Credentials should login successfully with valid credentials",
              "timedOut": null,
              "duration": 17092,
              "state": "passed",
              "speed": "slow",
              "pass": true,
              "fail": false,
              "pending": false,
              "context": null,
              "code": "const email = Cypress.env('userEmail');\nconst password = Cypress.env('userPassword');\ncy.login(email, password);\ncy.contains('a', 'Logged in as').should('contain.text', Cypress.env('userName'));\ncy.contains('a', 'Logout').should('be.visible');",
              "err": {},
              "uuid": "7fcff118-0ef3-4fc0-adff-a2e589bba294",
              "parentUUID": "8f53df32-f6bc-4e3a-aec7-d7a0b504de4a",
              "isHook": false,
              "skipped": false
            },
            {
              "title": "should display error with invalid credentials",
              "fullTitle": "User Login - Valid and Invalid Credentials should display error with invalid credentials",
              "timedOut": null,
              "duration": 2875,
              "state": "passed",
              "speed": "fast",
              "pass": true,
              "fail": false,
              "pending": false,
              "context": null,
              "code": "cy.login('wrong@email.com', 'incorrectPassword');\ncy.get('.login-form p').should('contain.text', 'Your email or password is incorrect!');",
              "err": {},
              "uuid": "c508a844-582f-419a-bdbb-e68ab9046179",
              "parentUUID": "8f53df32-f6bc-4e3a-aec7-d7a0b504de4a",
              "isHook": false,
              "skipped": false
            }
          ],
          "suites": [],
          "passes": [
            "7fcff118-0ef3-4fc0-adff-a2e589bba294",
            "c508a844-582f-419a-bdbb-e68ab9046179"
          ],
          "failures": [],
          "pending": [],
          "skipped": [],
          "duration": 19967,
          "root": false,
          "rootEmpty": false,
          "_timeout": 2000
        }
      ],
      "passes": [],
      "failures": [],
      "pending": [],
      "skipped": [],
      "duration": 0,
      "root": true,
      "rootEmpty": true,
      "_timeout": 2000
    },
    {
      "uuid": "3e1ecacd-22c5-4a61-83fc-6fdaf09193fe",
      "title": "",
      "fullFile": "cypress/e2e/search.cy.js",
      "file": "cypress/e2e/search.cy.js",
      "beforeHooks": [],
      "afterHooks": [],
      "tests": [],
      "suites": [
        {
          "uuid": "fed54655-18ce-40ad-88d8-f495f8489c9f",
          "title": "Product Search",
          "fullFile": "",
          "file": "",
          "beforeHooks": [],
          "afterHooks": [],
          "tests": [
            {
              "title": "should display search results and view product details",
              "fullTitle": "Product Search should display search results and view product details",
              "timedOut": null,
              "duration": 5710,
              "state": "passed",
              "speed": "medium",
              "pass": true,
              "fail": false,
              "pending": false,
              "context": null,
              "code": "const productNames = ['Sleeveless Dress', 'Blue Top', 'Men Tshirt'];\nconst productName = productNames[Math.floor(Math.random() * productNames.length)];\ncy.searchProduct(productName);\ncy.contains(productName).should('be.visible');\ncy.contains('a', 'View Product').click();\ncy.contains('Add to cart').should('be.visible');",
              "err": {},
              "uuid": "874c0641-cbe5-4ecd-9bba-06ae13c258a6",
              "parentUUID": "fed54655-18ce-40ad-88d8-f495f8489c9f",
              "isHook": false,
              "skipped": false
            }
          ],
          "suites": [],
          "passes": [
            "874c0641-cbe5-4ecd-9bba-06ae13c258a6"
          ],
          "failures": [],
          "pending": [],
          "skipped": [],
          "duration": 5710,
          "root": false,
          "rootEmpty": false,
          "_timeout": 2000
        }
      ],
      "passes": [],
      "failures": [],
      "pending": [],
      "skipped": [],
      "duration": 0,
      "root": true,
      "rootEmpty": true,
      "_timeout": 2000
    }
  ],
  "meta": {
    "mocha": {
      "version": "7.2.0"
    },
    "mochawesome": {
      "options": {
        "quiet": false,
        "reportFilename": "edge-[name]-report",
        "saveHtml": false,
        "saveJson": true,
        "consoleReporter": "spec",
        "useInlineDiffs": false,
        "code": true
      },
      "version": "7.1.3"
    },
    "marge": {
      "options": {
        "reportDir": "cypress/reports/mochawesome/.jsons",
        "reportFilename": "edge-[name]-report",
        "overwrite": false,
        "html": false,
        "json": true,
        "reportFileName": "[name]-report"
      },
      "version": "6.2.0"
    }
  }
}