{
  "stats": {
    "suites": 1,
    "tests": 1,
    "passes": 1,
    "pending": 0,
    "failures": 0,
    "start": "2025-06-25T13:54:30.622Z",
    "end": "2025-06-25T13:54:36.859Z",
    "duration": 6237,
    "testsRegistered": 1,
    "passPercent": 100,
    "pendingPercent": 0,
    "other": 0,
    "hasOther": false,
    "skipped": 0,
    "hasSkipped": false
  },
  "results": [
    {
      "uuid": "96c0cab4-08fc-42b6-b180-78b430a4e9fb",
      "title": "",
      "fullFile": "cypress/e2e/addToCart.cy.js",
      "file": "cypress/e2e/addToCart.cy.js",
      "beforeHooks": [],
      "afterHooks": [],
      "tests": [],
      "suites": [
        {
          "uuid": "dcb69b73-d21f-4a81-a83e-a01ca7a7587c",
          "title": "Add Product to Cart",
          "fullFile": "",
          "file": "",
          "beforeHooks": [],
          "afterHooks": [],
          "tests": [
            {
              "title": "should add a product to cart and verify cart updates",
              "fullTitle": "Add Product to Cart should add a product to cart and verify cart updates",
              "timedOut": null,
              "duration": 6078,
              "state": "passed",
              "speed": "medium",
              "pass": true,
              "fail": false,
              "pending": false,
              "context": null,
              "code": "cy.addProductToCart();\ncy.get('.modal-content').should('contain.text', 'Added!').and('contain.text', 'Your product has been added to cart.');\ncy.get('.modal-content').contains('View Cart').click();\ncy.get('[class=\"cart_description\"]').should('be.exist');",
              "err": {},
              "uuid": "eda58ed7-9590-4100-a8f3-c81a4cf2859a",
              "parentUUID": "dcb69b73-d21f-4a81-a83e-a01ca7a7587c",
              "isHook": false,
              "skipped": false
            }
          ],
          "suites": [],
          "passes": [
            "eda58ed7-9590-4100-a8f3-c81a4cf2859a"
          ],
          "failures": [],
          "pending": [],
          "skipped": [],
          "duration": 6078,
          "root": false,
          "rootEmpty": false,
          "_timeout": 2000
        }
      ],
      "passes": [],
      "failures": [],
      "pending": [],
      "skipped": [],
      "duration": 0,
      "root": true,
      "rootEmpty": true,
      "_timeout": 2000
    }
  ],
  "meta": {
    "mocha": {
      "version": "7.2.0"
    },
    "mochawesome": {
      "options": {
        "quiet": false,
        "reportFilename": "[name]-report",
        "saveHtml": false,
        "saveJson": true,
        "consoleReporter": "spec",
        "useInlineDiffs": false,
        "code": true
      },
      "version": "7.1.3"
    },
    "marge": {
      "options": {
        "reportDir": "cypress/reports/mochawesome/chrome/.jsons",
        "reportFilename": "[name]-report",
        "overwrite": false,
        "html": false,
        "json": true,
        "reportFileName": "[name]-report"
      },
      "version": "6.2.0"
    }
  }
}