{
  "stats": {
    "suites": 1,
    "tests": 1,
    "passes": 1,
    "pending": 0,
    "failures": 0,
    "start": "2025-06-25T13:54:45.406Z",
    "end": "2025-06-25T13:55:16.263Z",
    "duration": 30857,
    "testsRegistered": 1,
    "passPercent": 100,
    "pendingPercent": 0,
    "other": 0,
    "hasOther": false,
    "skipped": 0,
    "hasSkipped": false
  },
  "results": [
    {
      "uuid": "85018829-f863-4f9f-aded-d97616e40a94",
      "title": "",
      "fullFile": "cypress/e2e/checkout.cy.js",
      "file": "cypress/e2e/checkout.cy.js",
      "beforeHooks": [],
      "afterHooks": [],
      "tests": [],
      "suites": [
        {
          "uuid": "1986445e-497d-4fc0-9560-590cac6f8633",
          "title": "Checkout Process",
          "fullFile": "",
          "file": "",
          "beforeHooks": [],
          "afterHooks": [],
          "tests": [
            {
              "title": "should complete the checkout process successfully",
              "fullTitle": "Checkout Process should complete the checkout process successfully",
              "timedOut": null,
              "duration": 30631,
              "state": "passed",
              "speed": "slow",
              "pass": true,
              "fail": false,
              "pending": false,
              "context": null,
              "code": "cy.login(Cypress.env('userEmail'), Cypress.env('userPassword'));\ncy.addProductToCart();\ncy.contains('View Cart').click();\ncy.checkoutProduct();\ncy.contains('[data-qa=\"order-placed\"]', 'Order Placed!').should('be.visible');",
              "err": {},
              "uuid": "fc281a98-f31d-45a0-8c4e-4d4fa1a7b32d",
              "parentUUID": "1986445e-497d-4fc0-9560-590cac6f8633",
              "isHook": false,
              "skipped": false
            }
          ],
          "suites": [],
          "passes": [
            "fc281a98-f31d-45a0-8c4e-4d4fa1a7b32d"
          ],
          "failures": [],
          "pending": [],
          "skipped": [],
          "duration": 30631,
          "root": false,
          "rootEmpty": false,
          "_timeout": 2000
        }
      ],
      "passes": [],
      "failures": [],
      "pending": [],
      "skipped": [],
      "duration": 0,
      "root": true,
      "rootEmpty": true,
      "_timeout": 2000
    }
  ],
  "meta": {
    "mocha": {
      "version": "7.2.0"
    },
    "mochawesome": {
      "options": {
        "quiet": false,
        "reportFilename": "[name]-report",
        "saveHtml": false,
        "saveJson": true,
        "consoleReporter": "spec",
        "useInlineDiffs": false,
        "code": true
      },
      "version": "7.1.3"
    },
    "marge": {
      "options": {
        "reportDir": "cypress/reports/mochawesome/chrome/.jsons",
        "reportFilename": "[name]-report",
        "overwrite": false,
        "html": false,
        "json": true,
        "reportFileName": "[name]-report"
      },
      "version": "6.2.0"
    }
  }
}