{
  "stats": {
    "suites": 1,
    "tests": 2,
    "passes": 2,
    "pending": 0,
    "failures": 0,
    "start": "2025-06-25T13:55:23.188Z",
    "end": "2025-06-25T13:55:41.747Z",
    "duration": 18559,
    "testsRegistered": 2,
    "passPercent": 100,
    "pendingPercent": 0,
    "other": 0,
    "hasOther": false,
    "skipped": 0,
    "hasSkipped": false
  },
  "results": [
    {
      "uuid": "9480e495-edde-419c-815e-bdceee6102c3",
      "title": "",
      "fullFile": "cypress/e2e/login.cy.js",
      "file": "cypress/e2e/login.cy.js",
      "beforeHooks": [],
      "afterHooks": [],
      "tests": [],
      "suites": [
        {
          "uuid": "fcb4d344-1a7d-4e2c-b237-4714c65d35c5",
          "title": "User Login - Valid and Invalid Credentials",
          "fullFile": "",
          "file": "",
          "beforeHooks": [],
          "afterHooks": [],
          "tests": [
            {
              "title": "should login successfully with valid credentials",
              "fullTitle": "User Login - Valid and Invalid Credentials should login successfully with valid credentials",
              "timedOut": null,
              "duration": 16086,
              "state": "passed",
              "speed": "slow",
              "pass": true,
              "fail": false,
              "pending": false,
              "context": null,
              "code": "cy.login(Cypress.env('userEmail'), Cypress.env('userPassword'));\ncy.contains('a', 'Logged in as').should('contain.text', Cypress.env('userName'));\ncy.contains('a', 'Logout').should('be.visible');",
              "err": {},
              "uuid": "f329ba81-42ac-48a7-9f8d-c035f4874da0",
              "parentUUID": "fcb4d344-1a7d-4e2c-b237-4714c65d35c5",
              "isHook": false,
              "skipped": false
            },
            {
              "title": "should display error with invalid credentials",
              "fullTitle": "User Login - Valid and Invalid Credentials should display error with invalid credentials",
              "timedOut": null,
              "duration": 2268,
              "state": "passed",
              "speed": "fast",
              "pass": true,
              "fail": false,
              "pending": false,
              "context": null,
              "code": "cy.login('wrong@email.com', 'incorrectPassword');\ncy.get('.login-form p').should('contain.text', 'Your email or password is incorrect!');",
              "err": {},
              "uuid": "42415e43-678e-48c5-bcdf-f519dc04cdff",
              "parentUUID": "fcb4d344-1a7d-4e2c-b237-4714c65d35c5",
              "isHook": false,
              "skipped": false
            }
          ],
          "suites": [],
          "passes": [
            "f329ba81-42ac-48a7-9f8d-c035f4874da0",
            "42415e43-678e-48c5-bcdf-f519dc04cdff"
          ],
          "failures": [],
          "pending": [],
          "skipped": [],
          "duration": 18354,
          "root": false,
          "rootEmpty": false,
          "_timeout": 2000
        }
      ],
      "passes": [],
      "failures": [],
      "pending": [],
      "skipped": [],
      "duration": 0,
      "root": true,
      "rootEmpty": true,
      "_timeout": 2000
    }
  ],
  "meta": {
    "mocha": {
      "version": "7.2.0"
    },
    "mochawesome": {
      "options": {
        "quiet": false,
        "reportFilename": "[name]-report",
        "saveHtml": false,
        "saveJson": true,
        "consoleReporter": "spec",
        "useInlineDiffs": false,
        "code": true
      },
      "version": "7.1.3"
    },
    "marge": {
      "options": {
        "reportDir": "cypress/reports/mochawesome/chrome/.jsons",
        "reportFilename": "[name]-report",
        "overwrite": false,
        "html": false,
        "json": true,
        "reportFileName": "[name]-report"
      },
      "version": "6.2.0"
    }
  }
}