{
  "stats": {
    "suites": 1,
    "tests": 1,
    "passes": 1,
    "pending": 0,
    "failures": 0,
    "start": "2025-06-25T13:55:56.857Z",
    "end": "2025-06-25T13:56:04.160Z",
    "duration": 7303,
    "testsRegistered": 1,
    "passPercent": 100,
    "pendingPercent": 0,
    "other": 0,
    "hasOther": false,
    "skipped": 0,
    "hasSkipped": false
  },
  "results": [
    {
      "uuid": "0a461943-ecdd-4360-9fa5-ead18704829f",
      "title": "",
      "fullFile": "cypress/e2e/search.cy.js",
      "file": "cypress/e2e/search.cy.js",
      "beforeHooks": [],
      "afterHooks": [],
      "tests": [],
      "suites": [
        {
          "uuid": "b8919aa7-e0af-4ee5-b4ce-60bee6ef141e",
          "title": "Product Search",
          "fullFile": "",
          "file": "",
          "beforeHooks": [],
          "afterHooks": [],
          "tests": [
            {
              "title": "should display search results and view product details",
              "fullTitle": "Product Search should display search results and view product details",
              "timedOut": null,
              "duration": 7203,
              "state": "passed",
              "speed": "medium",
              "pass": true,
              "fail": false,
              "pending": false,
              "context": null,
              "code": "const productNames = ['Sleeveless Dress', 'Blue Top', 'Men Tshirt'];\nconst productName = productNames[Math.floor(Math.random() * productNames.length)];\ncy.searchProduct(productName);\ncy.contains(productName).should('be.visible');\ncy.contains('a', 'View Product').click();\ncy.contains('Add to cart').should('be.visible');",
              "err": {},
              "uuid": "d1681475-fd74-48ca-b1a6-fb64cad5f8f3",
              "parentUUID": "b8919aa7-e0af-4ee5-b4ce-60bee6ef141e",
              "isHook": false,
              "skipped": false
            }
          ],
          "suites": [],
          "passes": [
            "d1681475-fd74-48ca-b1a6-fb64cad5f8f3"
          ],
          "failures": [],
          "pending": [],
          "skipped": [],
          "duration": 7203,
          "root": false,
          "rootEmpty": false,
          "_timeout": 2000
        }
      ],
      "passes": [],
      "failures": [],
      "pending": [],
      "skipped": [],
      "duration": 0,
      "root": true,
      "rootEmpty": true,
      "_timeout": 2000
    }
  ],
  "meta": {
    "mocha": {
      "version": "7.2.0"
    },
    "mochawesome": {
      "options": {
        "quiet": false,
        "reportFilename": "[name]-report",
        "saveHtml": false,
        "saveJson": true,
        "consoleReporter": "spec",
        "useInlineDiffs": false,
        "code": true
      },
      "version": "7.1.3"
    },
    "marge": {
      "options": {
        "reportDir": "cypress/reports/mochawesome/firefox/.jsons",
        "reportFilename": "[name]-report",
        "overwrite": false,
        "html": false,
        "json": true,
        "reportFileName": "[name]-report"
      },
      "version": "6.2.0"
    }
  }
}