{
  "stats": {
    "suites": 1,
    "tests": 2,
    "passes": 2,
    "pending": 0,
    "failures": 0,
    "start": "2025-06-27T14:14:41.853Z",
    "end": "2025-06-27T14:15:01.496Z",
    "duration": 19643,
    "testsRegistered": 2,
    "passPercent": 100,
    "pendingPercent": 0,
    "other": 0,
    "hasOther": false,
    "skipped": 0,
    "hasSkipped": false
  },
  "results": [
    {
      "uuid": "4a90d9a2-b3da-4e10-9d1c-ee59bf0751d5",
      "title": "",
      "fullFile": "cypress/e2e/login.cy.js",
      "file": "cypress/e2e/login.cy.js",
      "beforeHooks": [],
      "afterHooks": [],
      "tests": [],
      "suites": [
        {
          "uuid": "45f064b7-58ec-48e2-b12a-f837f4fdca0e",
          "title": "User Login - Valid and Invalid Credentials",
          "fullFile": "",
          "file": "",
          "beforeHooks": [],
          "afterHooks": [],
          "tests": [
            {
              "title": "should login successfully with valid credentials",
              "fullTitle": "User Login - Valid and Invalid Credentials should login successfully with valid credentials",
              "timedOut": null,
              "duration": 16968,
              "state": "passed",
              "speed": "slow",
              "pass": true,
              "fail": false,
              "pending": false,
              "context": null,
              "code": "const email = Cypress.env('userEmail');\nconst password = Cypress.env('userPassword');\ncy.login(email, password);\ncy.contains('a', 'Logged in as').should('contain.text', Cypress.env('userName'));\ncy.contains('a', 'Logout').should('be.visible');",
              "err": {},
              "uuid": "201ea6b2-d438-407c-81ca-4102a2881e06",
              "parentUUID": "45f064b7-58ec-48e2-b12a-f837f4fdca0e",
              "isHook": false,
              "skipped": false
            },
            {
              "title": "should display error with invalid credentials",
              "fullTitle": "User Login - Valid and Invalid Credentials should display error with invalid credentials",
              "timedOut": null,
              "duration": 2394,
              "state": "passed",
              "speed": "fast",
              "pass": true,
              "fail": false,
              "pending": false,
              "context": null,
              "code": "cy.login('wrong@email.com', 'incorrectPassword');\ncy.get('.login-form p').should('contain.text', 'Your email or password is incorrect!');",
              "err": {},
              "uuid": "56caad02-f126-498a-bb42-5301b4305081",
              "parentUUID": "45f064b7-58ec-48e2-b12a-f837f4fdca0e",
              "isHook": false,
              "skipped": false
            }
          ],
          "suites": [],
          "passes": [
            "201ea6b2-d438-407c-81ca-4102a2881e06",
            "56caad02-f126-498a-bb42-5301b4305081"
          ],
          "failures": [],
          "pending": [],
          "skipped": [],
          "duration": 19362,
          "root": false,
          "rootEmpty": false,
          "_timeout": 2000
        }
      ],
      "passes": [],
      "failures": [],
      "pending": [],
      "skipped": [],
      "duration": 0,
      "root": true,
      "rootEmpty": true,
      "_timeout": 2000
    }
  ],
  "meta": {
    "mocha": {
      "version": "7.2.0"
    },
    "mochawesome": {
      "options": {
        "quiet": false,
        "reportFilename": "edge-[name]-report",
        "saveHtml": false,
        "saveJson": true,
        "consoleReporter": "spec",
        "useInlineDiffs": false,
        "code": true
      },
      "version": "7.1.3"
    },
    "marge": {
      "options": {
        "reportDir": "reports/mochawesome/.jsons",
        "reportFilename": "edge-[name]-report",
        "overwrite": false,
        "html": false,
        "json": true,
        "reportFileName": "[name]-report"
      },
      "version": "6.2.0"
    }
  }
}