{
  "stats": {
    "suites": 1,
    "tests": 2,
    "passes": 2,
    "pending": 0,
    "failures": 0,
    "start": "2025-06-27T14:14:44.615Z",
    "end": "2025-06-27T14:15:06.374Z",
    "duration": 21759,
    "testsRegistered": 2,
    "passPercent": 100,
    "pendingPercent": 0,
    "other": 0,
    "hasOther": false,
    "skipped": 0,
    "hasSkipped": false
  },
  "results": [
    {
      "uuid": "c015c64c-9b31-4bc7-9bbc-a67902c10e1d",
      "title": "",
      "fullFile": "cypress/e2e/login.cy.js",
      "file": "cypress/e2e/login.cy.js",
      "beforeHooks": [],
      "afterHooks": [],
      "tests": [],
      "suites": [
        {
          "uuid": "96895fd4-403a-46e1-8aed-68d9cacd67c1",
          "title": "User Login - Valid and Invalid Credentials",
          "fullFile": "",
          "file": "",
          "beforeHooks": [],
          "afterHooks": [],
          "tests": [
            {
              "title": "should login successfully with valid credentials",
              "fullTitle": "User Login - Valid and Invalid Credentials should login successfully with valid credentials",
              "timedOut": null,
              "duration": 18860,
              "state": "passed",
              "speed": "slow",
              "pass": true,
              "fail": false,
              "pending": false,
              "context": null,
              "code": "const email = Cypress.env('userEmail');\nconst password = Cypress.env('userPassword');\ncy.login(email, password);\ncy.contains('a', 'Logged in as').should('contain.text', Cypress.env('userName'));\ncy.contains('a', 'Logout').should('be.visible');",
              "err": {},
              "uuid": "e8bcabd3-d98e-4ccf-ab9b-885cb3eb93a5",
              "parentUUID": "96895fd4-403a-46e1-8aed-68d9cacd67c1",
              "isHook": false,
              "skipped": false
            },
            {
              "title": "should display error with invalid credentials",
              "fullTitle": "User Login - Valid and Invalid Credentials should display error with invalid credentials",
              "timedOut": null,
              "duration": 2771,
              "state": "passed",
              "speed": "fast",
              "pass": true,
              "fail": false,
              "pending": false,
              "context": null,
              "code": "cy.login('wrong@email.com', 'incorrectPassword');\ncy.get('.login-form p').should('contain.text', 'Your email or password is incorrect!');",
              "err": {},
              "uuid": "54a0e8ec-da10-407d-b765-bd92d84a69d1",
              "parentUUID": "96895fd4-403a-46e1-8aed-68d9cacd67c1",
              "isHook": false,
              "skipped": false
            }
          ],
          "suites": [],
          "passes": [
            "e8bcabd3-d98e-4ccf-ab9b-885cb3eb93a5",
            "54a0e8ec-da10-407d-b765-bd92d84a69d1"
          ],
          "failures": [],
          "pending": [],
          "skipped": [],
          "duration": 21631,
          "root": false,
          "rootEmpty": false,
          "_timeout": 2000
        }
      ],
      "passes": [],
      "failures": [],
      "pending": [],
      "skipped": [],
      "duration": 0,
      "root": true,
      "rootEmpty": true,
      "_timeout": 2000
    }
  ],
  "meta": {
    "mocha": {
      "version": "7.2.0"
    },
    "mochawesome": {
      "options": {
        "quiet": false,
        "reportFilename": "firefox-[name]-report",
        "saveHtml": false,
        "saveJson": true,
        "consoleReporter": "spec",
        "useInlineDiffs": false,
        "code": true
      },
      "version": "7.1.3"
    },
    "marge": {
      "options": {
        "reportDir": "reports/mochawesome/.jsons",
        "reportFilename": "firefox-[name]-report",
        "overwrite": false,
        "html": false,
        "json": true,
        "reportFileName": "[name]-report"
      },
      "version": "6.2.0"
    }
  }
}